2024-01-17 15:59:47,012 INFO [restartedMain] c.n.c.CommunityApplication [StartupInfoLogger.java:55] Starting CommunityApplication using Java 1.8.0_381 on MateBook14s with PID 20004 (D:\work\aboutGitHub\repository\nowcoder_community\target\classes started by 15250 in D:\work\aboutGitHub\repository\nowcoder_community)
2024-01-17 15:59:47,014 INFO [restartedMain] c.n.c.CommunityApplication [SpringApplication.java:631] No active profile set, falling back to 1 default profile: "default"
2024-01-17 15:59:47,041 INFO [restartedMain] o.s.b.d.e.DevToolsPropertyDefaultsPostProcessor [DeferredLog.java:255] Devtools property defaults active! Set 'spring.devtools.add-properties' to 'false' to disable
2024-01-17 15:59:47,041 INFO [restartedMain] o.s.b.d.e.DevToolsPropertyDefaultsPostProcessor [DeferredLog.java:255] For additional web related logging consider setting the 'logging.level.web' property to 'DEBUG'
2024-01-17 15:59:47,787 INFO [restartedMain] o.s.d.r.c.RepositoryConfigurationDelegate [RepositoryConfigurationDelegate.java:262] Multiple Spring Data modules found, entering strict repository configuration mode
2024-01-17 15:59:47,789 INFO [restartedMain] o.s.d.r.c.RepositoryConfigurationDelegate [RepositoryConfigurationDelegate.java:132] Bootstrapping Spring Data Redis repositories in DEFAULT mode.
2024-01-17 15:59:47,805 INFO [restartedMain] o.s.d.r.c.RepositoryConfigurationDelegate [RepositoryConfigurationDelegate.java:201] Finished Spring Data repository scanning in 5 ms. Found 0 Redis repository interfaces.
2024-01-17 15:59:48,310 INFO [restartedMain] o.s.b.w.e.t.TomcatWebServer [TomcatWebServer.java:108] Tomcat initialized with port(s): 8080 (http)
2024-01-17 15:59:48,315 INFO [restartedMain] o.a.c.h.Http11NioProtocol [DirectJDKLog.java:173] Initializing ProtocolHandler ["http-nio-8080"]
2024-01-17 15:59:48,316 INFO [restartedMain] o.a.c.c.StandardService [DirectJDKLog.java:173] Starting service [Tomcat]
2024-01-17 15:59:48,316 INFO [restartedMain] o.a.c.c.StandardEngine [DirectJDKLog.java:173] Starting Servlet engine: [Apache Tomcat/9.0.75]
2024-01-17 15:59:48,359 INFO [restartedMain] o.a.c.c.C.[.[.[/community] [DirectJDKLog.java:173] Initializing Spring embedded WebApplicationContext
2024-01-17 15:59:48,360 INFO [restartedMain] o.s.b.w.s.c.ServletWebServerApplicationContext [ServletWebServerApplicationContext.java:292] Root WebApplicationContext: initialization completed in 1318 ms
2024-01-17 15:59:49,048 INFO [restartedMain] o.s.b.a.w.s.WelcomePageHandlerMapping [WelcomePageHandlerMapping.java:58] Adding welcome page template: index
2024-01-17 15:59:49,356 INFO [restartedMain] o.s.b.d.a.OptionalLiveReloadServer [OptionalLiveReloadServer.java:59] LiveReload server is running on port 35729
2024-01-17 15:59:49,367 INFO [restartedMain] o.a.c.h.Http11NioProtocol [DirectJDKLog.java:173] Starting ProtocolHandler ["http-nio-8080"]
2024-01-17 15:59:49,383 INFO [restartedMain] o.s.b.w.e.t.TomcatWebServer [TomcatWebServer.java:220] Tomcat started on port(s): 8080 (http) with context path '/community'
2024-01-17 15:59:49,392 INFO [restartedMain] c.n.c.CommunityApplication [StartupInfoLogger.java:61] Started CommunityApplication in 2.653 seconds (JVM running for 3.187)
2024-01-17 16:00:01,261 INFO [http-nio-8080-exec-1] o.a.c.c.C.[.[.[/community] [DirectJDKLog.java:173] Initializing Spring DispatcherServlet 'dispatcherServlet'
2024-01-17 16:00:01,261 INFO [http-nio-8080-exec-1] o.s.w.s.DispatcherServlet [FrameworkServlet.java:525] Initializing Servlet 'dispatcherServlet'
2024-01-17 16:00:01,262 INFO [http-nio-8080-exec-1] o.s.w.s.DispatcherServlet [FrameworkServlet.java:547] Completed initialization in 1 ms
2024-01-17 16:00:01,287 INFO [http-nio-8080-exec-1] c.n.c.a.ServiceLogAspect [ServiceLogAspect.java:36] 用户[0:0:0:0:0:0:0:1]，在[2024-01-17 16:00:01]，访问了[com.nowcoder.community.service.DiscussPostService.findDiscussPostRows]。
2024-01-17 16:00:01,308 INFO [http-nio-8080-exec-1] c.z.h.HikariDataSource [HikariDataSource.java:110] HikariPool-1 - Starting...
2024-01-17 16:00:01,407 INFO [http-nio-8080-exec-1] c.z.h.HikariDataSource [HikariDataSource.java:123] HikariPool-1 - Start completed.
2024-01-17 16:00:01,453 INFO [http-nio-8080-exec-1] c.n.c.a.ServiceLogAspect [ServiceLogAspect.java:36] 用户[0:0:0:0:0:0:0:1]，在[2024-01-17 16:00:01]，访问了[com.nowcoder.community.service.DiscussPostService.findDiscussPosts]。
2024-01-17 16:00:01,461 INFO [http-nio-8080-exec-1] c.n.c.a.ServiceLogAspect [ServiceLogAspect.java:36] 用户[0:0:0:0:0:0:0:1]，在[2024-01-17 16:00:01]，访问了[com.nowcoder.community.service.UserService.findUserById]。
2024-01-17 16:00:01,468 INFO [http-nio-8080-exec-1] c.n.c.a.ServiceLogAspect [ServiceLogAspect.java:36] 用户[0:0:0:0:0:0:0:1]，在[2024-01-17 16:00:01]，访问了[com.nowcoder.community.service.LikeService.findEntityLikeCount]。
2024-01-17 16:00:01,765 INFO [http-nio-8080-exec-1] c.n.c.a.ServiceLogAspect [ServiceLogAspect.java:36] 用户[0:0:0:0:0:0:0:1]，在[2024-01-17 16:00:01]，访问了[com.nowcoder.community.service.UserService.findUserById]。
2024-01-17 16:00:01,767 INFO [http-nio-8080-exec-1] c.n.c.a.ServiceLogAspect [ServiceLogAspect.java:36] 用户[0:0:0:0:0:0:0:1]，在[2024-01-17 16:00:01]，访问了[com.nowcoder.community.service.LikeService.findEntityLikeCount]。
2024-01-17 16:00:01,768 INFO [http-nio-8080-exec-1] c.n.c.a.ServiceLogAspect [ServiceLogAspect.java:36] 用户[0:0:0:0:0:0:0:1]，在[2024-01-17 16:00:01]，访问了[com.nowcoder.community.service.UserService.findUserById]。
2024-01-17 16:00:01,770 INFO [http-nio-8080-exec-1] c.n.c.a.ServiceLogAspect [ServiceLogAspect.java:36] 用户[0:0:0:0:0:0:0:1]，在[2024-01-17 16:00:01]，访问了[com.nowcoder.community.service.LikeService.findEntityLikeCount]。
2024-01-17 16:00:01,771 INFO [http-nio-8080-exec-1] c.n.c.a.ServiceLogAspect [ServiceLogAspect.java:36] 用户[0:0:0:0:0:0:0:1]，在[2024-01-17 16:00:01]，访问了[com.nowcoder.community.service.UserService.findUserById]。
2024-01-17 16:00:01,773 INFO [http-nio-8080-exec-1] c.n.c.a.ServiceLogAspect [ServiceLogAspect.java:36] 用户[0:0:0:0:0:0:0:1]，在[2024-01-17 16:00:01]，访问了[com.nowcoder.community.service.LikeService.findEntityLikeCount]。
2024-01-17 16:00:01,773 INFO [http-nio-8080-exec-1] c.n.c.a.ServiceLogAspect [ServiceLogAspect.java:36] 用户[0:0:0:0:0:0:0:1]，在[2024-01-17 16:00:01]，访问了[com.nowcoder.community.service.UserService.findUserById]。
2024-01-17 16:00:01,775 INFO [http-nio-8080-exec-1] c.n.c.a.ServiceLogAspect [ServiceLogAspect.java:36] 用户[0:0:0:0:0:0:0:1]，在[2024-01-17 16:00:01]，访问了[com.nowcoder.community.service.LikeService.findEntityLikeCount]。
2024-01-17 16:00:01,775 INFO [http-nio-8080-exec-1] c.n.c.a.ServiceLogAspect [ServiceLogAspect.java:36] 用户[0:0:0:0:0:0:0:1]，在[2024-01-17 16:00:01]，访问了[com.nowcoder.community.service.UserService.findUserById]。
2024-01-17 16:00:01,777 INFO [http-nio-8080-exec-1] c.n.c.a.ServiceLogAspect [ServiceLogAspect.java:36] 用户[0:0:0:0:0:0:0:1]，在[2024-01-17 16:00:01]，访问了[com.nowcoder.community.service.LikeService.findEntityLikeCount]。
2024-01-17 16:00:01,777 INFO [http-nio-8080-exec-1] c.n.c.a.ServiceLogAspect [ServiceLogAspect.java:36] 用户[0:0:0:0:0:0:0:1]，在[2024-01-17 16:00:01]，访问了[com.nowcoder.community.service.UserService.findUserById]。
2024-01-17 16:00:01,779 INFO [http-nio-8080-exec-1] c.n.c.a.ServiceLogAspect [ServiceLogAspect.java:36] 用户[0:0:0:0:0:0:0:1]，在[2024-01-17 16:00:01]，访问了[com.nowcoder.community.service.LikeService.findEntityLikeCount]。
2024-01-17 16:00:01,780 INFO [http-nio-8080-exec-1] c.n.c.a.ServiceLogAspect [ServiceLogAspect.java:36] 用户[0:0:0:0:0:0:0:1]，在[2024-01-17 16:00:01]，访问了[com.nowcoder.community.service.UserService.findUserById]。
2024-01-17 16:00:01,781 INFO [http-nio-8080-exec-1] c.n.c.a.ServiceLogAspect [ServiceLogAspect.java:36] 用户[0:0:0:0:0:0:0:1]，在[2024-01-17 16:00:01]，访问了[com.nowcoder.community.service.LikeService.findEntityLikeCount]。
2024-01-17 16:00:01,782 INFO [http-nio-8080-exec-1] c.n.c.a.ServiceLogAspect [ServiceLogAspect.java:36] 用户[0:0:0:0:0:0:0:1]，在[2024-01-17 16:00:01]，访问了[com.nowcoder.community.service.UserService.findUserById]。
2024-01-17 16:00:01,784 INFO [http-nio-8080-exec-1] c.n.c.a.ServiceLogAspect [ServiceLogAspect.java:36] 用户[0:0:0:0:0:0:0:1]，在[2024-01-17 16:00:01]，访问了[com.nowcoder.community.service.LikeService.findEntityLikeCount]。
2024-01-17 16:00:01,784 INFO [http-nio-8080-exec-1] c.n.c.a.ServiceLogAspect [ServiceLogAspect.java:36] 用户[0:0:0:0:0:0:0:1]，在[2024-01-17 16:00:01]，访问了[com.nowcoder.community.service.UserService.findUserById]。
2024-01-17 16:00:01,785 INFO [http-nio-8080-exec-1] c.n.c.a.ServiceLogAspect [ServiceLogAspect.java:36] 用户[0:0:0:0:0:0:0:1]，在[2024-01-17 16:00:01]，访问了[com.nowcoder.community.service.LikeService.findEntityLikeCount]。
2024-01-17 16:00:04,221 INFO [http-nio-8080-exec-5] c.n.c.a.ServiceLogAspect [ServiceLogAspect.java:36] 用户[0:0:0:0:0:0:0:1]，在[2024-01-17 16:00:04]，访问了[com.nowcoder.community.service.DiscussPostService.findDiscussPostById]。
2024-01-17 16:00:04,226 INFO [http-nio-8080-exec-5] c.n.c.a.ServiceLogAspect [ServiceLogAspect.java:36] 用户[0:0:0:0:0:0:0:1]，在[2024-01-17 16:00:04]，访问了[com.nowcoder.community.service.UserService.findUserById]。
2024-01-17 16:00:04,228 INFO [http-nio-8080-exec-5] c.n.c.a.ServiceLogAspect [ServiceLogAspect.java:36] 用户[0:0:0:0:0:0:0:1]，在[2024-01-17 16:00:04]，访问了[com.nowcoder.community.service.LikeService.findEntityLikeCount]。
2024-01-17 16:00:04,230 INFO [http-nio-8080-exec-5] c.n.c.a.ServiceLogAspect [ServiceLogAspect.java:36] 用户[0:0:0:0:0:0:0:1]，在[2024-01-17 16:00:04]，访问了[com.nowcoder.community.service.CommentService.findCommentsByEntity]。
2024-01-17 16:00:04,237 INFO [http-nio-8080-exec-5] c.n.c.a.ServiceLogAspect [ServiceLogAspect.java:36] 用户[0:0:0:0:0:0:0:1]，在[2024-01-17 16:00:04]，访问了[com.nowcoder.community.service.UserService.findUserById]。
2024-01-17 16:00:04,241 INFO [http-nio-8080-exec-5] c.n.c.a.ServiceLogAspect [ServiceLogAspect.java:36] 用户[0:0:0:0:0:0:0:1]，在[2024-01-17 16:00:04]，访问了[com.nowcoder.community.service.LikeService.findEntityLikeCount]。
2024-01-17 16:00:04,242 INFO [http-nio-8080-exec-5] c.n.c.a.ServiceLogAspect [ServiceLogAspect.java:36] 用户[0:0:0:0:0:0:0:1]，在[2024-01-17 16:00:04]，访问了[com.nowcoder.community.service.CommentService.findCommentsByEntity]。
2024-01-17 16:00:04,244 INFO [http-nio-8080-exec-5] c.n.c.a.ServiceLogAspect [ServiceLogAspect.java:36] 用户[0:0:0:0:0:0:0:1]，在[2024-01-17 16:00:04]，访问了[com.nowcoder.community.service.CommentService.findCommentCount]。
2024-01-17 16:00:04,246 INFO [http-nio-8080-exec-5] c.n.c.a.ServiceLogAspect [ServiceLogAspect.java:36] 用户[0:0:0:0:0:0:0:1]，在[2024-01-17 16:00:04]，访问了[com.nowcoder.community.service.UserService.findUserById]。
2024-01-17 16:00:04,248 INFO [http-nio-8080-exec-5] c.n.c.a.ServiceLogAspect [ServiceLogAspect.java:36] 用户[0:0:0:0:0:0:0:1]，在[2024-01-17 16:00:04]，访问了[com.nowcoder.community.service.LikeService.findEntityLikeCount]。
2024-01-17 16:00:04,250 INFO [http-nio-8080-exec-5] c.n.c.a.ServiceLogAspect [ServiceLogAspect.java:36] 用户[0:0:0:0:0:0:0:1]，在[2024-01-17 16:00:04]，访问了[com.nowcoder.community.service.CommentService.findCommentsByEntity]。
2024-01-17 16:00:04,253 INFO [http-nio-8080-exec-5] c.n.c.a.ServiceLogAspect [ServiceLogAspect.java:36] 用户[0:0:0:0:0:0:0:1]，在[2024-01-17 16:00:04]，访问了[com.nowcoder.community.service.UserService.findUserById]。
2024-01-17 16:00:04,254 INFO [http-nio-8080-exec-5] c.n.c.a.ServiceLogAspect [ServiceLogAspect.java:36] 用户[0:0:0:0:0:0:0:1]，在[2024-01-17 16:00:04]，访问了[com.nowcoder.community.service.LikeService.findEntityLikeCount]。
2024-01-17 16:00:04,255 INFO [http-nio-8080-exec-5] c.n.c.a.ServiceLogAspect [ServiceLogAspect.java:36] 用户[0:0:0:0:0:0:0:1]，在[2024-01-17 16:00:04]，访问了[com.nowcoder.community.service.CommentService.findCommentCount]。
2024-01-17 16:00:04,257 INFO [http-nio-8080-exec-5] c.n.c.a.ServiceLogAspect [ServiceLogAspect.java:36] 用户[0:0:0:0:0:0:0:1]，在[2024-01-17 16:00:04]，访问了[com.nowcoder.community.service.UserService.findUserById]。
2024-01-17 16:00:04,259 INFO [http-nio-8080-exec-5] c.n.c.a.ServiceLogAspect [ServiceLogAspect.java:36] 用户[0:0:0:0:0:0:0:1]，在[2024-01-17 16:00:04]，访问了[com.nowcoder.community.service.LikeService.findEntityLikeCount]。
2024-01-17 16:00:04,260 INFO [http-nio-8080-exec-5] c.n.c.a.ServiceLogAspect [ServiceLogAspect.java:36] 用户[0:0:0:0:0:0:0:1]，在[2024-01-17 16:00:04]，访问了[com.nowcoder.community.service.CommentService.findCommentsByEntity]。
2024-01-17 16:00:04,261 INFO [http-nio-8080-exec-5] c.n.c.a.ServiceLogAspect [ServiceLogAspect.java:36] 用户[0:0:0:0:0:0:0:1]，在[2024-01-17 16:00:04]，访问了[com.nowcoder.community.service.CommentService.findCommentCount]。
2024-01-17 16:00:04,262 INFO [http-nio-8080-exec-5] c.n.c.a.ServiceLogAspect [ServiceLogAspect.java:36] 用户[0:0:0:0:0:0:0:1]，在[2024-01-17 16:00:04]，访问了[com.nowcoder.community.service.UserService.findUserById]。
2024-01-17 16:00:04,266 INFO [http-nio-8080-exec-5] c.n.c.a.ServiceLogAspect [ServiceLogAspect.java:36] 用户[0:0:0:0:0:0:0:1]，在[2024-01-17 16:00:04]，访问了[com.nowcoder.community.service.LikeService.findEntityLikeCount]。
2024-01-17 16:00:04,268 INFO [http-nio-8080-exec-5] c.n.c.a.ServiceLogAspect [ServiceLogAspect.java:36] 用户[0:0:0:0:0:0:0:1]，在[2024-01-17 16:00:04]，访问了[com.nowcoder.community.service.CommentService.findCommentsByEntity]。
2024-01-17 16:00:04,269 INFO [http-nio-8080-exec-5] c.n.c.a.ServiceLogAspect [ServiceLogAspect.java:36] 用户[0:0:0:0:0:0:0:1]，在[2024-01-17 16:00:04]，访问了[com.nowcoder.community.service.CommentService.findCommentCount]。
2024-01-17 16:00:04,270 INFO [http-nio-8080-exec-5] c.n.c.a.ServiceLogAspect [ServiceLogAspect.java:36] 用户[0:0:0:0:0:0:0:1]，在[2024-01-17 16:00:04]，访问了[com.nowcoder.community.service.UserService.findUserById]。
2024-01-17 16:00:04,272 INFO [http-nio-8080-exec-5] c.n.c.a.ServiceLogAspect [ServiceLogAspect.java:36] 用户[0:0:0:0:0:0:0:1]，在[2024-01-17 16:00:04]，访问了[com.nowcoder.community.service.LikeService.findEntityLikeCount]。
2024-01-17 16:00:04,273 INFO [http-nio-8080-exec-5] c.n.c.a.ServiceLogAspect [ServiceLogAspect.java:36] 用户[0:0:0:0:0:0:0:1]，在[2024-01-17 16:00:04]，访问了[com.nowcoder.community.service.CommentService.findCommentsByEntity]。
2024-01-17 16:00:04,275 INFO [http-nio-8080-exec-5] c.n.c.a.ServiceLogAspect [ServiceLogAspect.java:36] 用户[0:0:0:0:0:0:0:1]，在[2024-01-17 16:00:04]，访问了[com.nowcoder.community.service.CommentService.findCommentCount]。
2024-01-17 16:00:06,873 INFO [http-nio-8080-exec-10] c.n.c.a.ServiceLogAspect [ServiceLogAspect.java:36] 用户[0:0:0:0:0:0:0:1]，在[2024-01-17 16:00:06]，访问了[com.nowcoder.community.service.UserService.findUserById]。
2024-01-17 16:00:06,877 INFO [http-nio-8080-exec-10] c.n.c.a.ServiceLogAspect [ServiceLogAspect.java:36] 用户[0:0:0:0:0:0:0:1]，在[2024-01-17 16:00:06]，访问了[com.nowcoder.community.service.LikeService.findUserLikeCount]。
2024-01-17 16:00:06,883 INFO [http-nio-8080-exec-10] c.n.c.a.ServiceLogAspect [ServiceLogAspect.java:36] 用户[0:0:0:0:0:0:0:1]，在[2024-01-17 16:00:06]，访问了[com.nowcoder.community.service.FollowService.findFolloweeCount]。
2024-01-17 16:00:06,890 INFO [http-nio-8080-exec-10] c.n.c.a.ServiceLogAspect [ServiceLogAspect.java:36] 用户[0:0:0:0:0:0:0:1]，在[2024-01-17 16:00:06]，访问了[com.nowcoder.community.service.FollowService.findFollowerCount]。
2024-01-17 16:00:43,043 INFO [http-nio-8080-exec-10] c.n.c.a.ServiceLogAspect [ServiceLogAspect.java:36] 用户[0:0:0:0:0:0:0:1]，在[2024-01-17 16:00:43]，访问了[com.nowcoder.community.service.UserService.login]。
2024-01-17 16:00:43,075 INFO [http-nio-8080-exec-1] c.n.c.a.ServiceLogAspect [ServiceLogAspect.java:36] 用户[0:0:0:0:0:0:0:1]，在[2024-01-17 16:00:43]，访问了[com.nowcoder.community.service.UserService.findLoginTicket]。
2024-01-17 16:00:43,077 INFO [http-nio-8080-exec-1] c.n.c.a.ServiceLogAspect [ServiceLogAspect.java:36] 用户[0:0:0:0:0:0:0:1]，在[2024-01-17 16:00:43]，访问了[com.nowcoder.community.service.UserService.findUserById]。
2024-01-17 16:00:43,080 INFO [http-nio-8080-exec-1] c.n.c.a.ServiceLogAspect [ServiceLogAspect.java:36] 用户[0:0:0:0:0:0:0:1]，在[2024-01-17 16:00:43]，访问了[com.nowcoder.community.service.DiscussPostService.findDiscussPostRows]。
2024-01-17 16:00:43,081 INFO [http-nio-8080-exec-1] c.n.c.a.ServiceLogAspect [ServiceLogAspect.java:36] 用户[0:0:0:0:0:0:0:1]，在[2024-01-17 16:00:43]，访问了[com.nowcoder.community.service.DiscussPostService.findDiscussPosts]。
2024-01-17 16:00:43,086 INFO [http-nio-8080-exec-1] c.n.c.a.ServiceLogAspect [ServiceLogAspect.java:36] 用户[0:0:0:0:0:0:0:1]，在[2024-01-17 16:00:43]，访问了[com.nowcoder.community.service.UserService.findUserById]。
2024-01-17 16:00:43,088 INFO [http-nio-8080-exec-1] c.n.c.a.ServiceLogAspect [ServiceLogAspect.java:36] 用户[0:0:0:0:0:0:0:1]，在[2024-01-17 16:00:43]，访问了[com.nowcoder.community.service.LikeService.findEntityLikeCount]。
2024-01-17 16:00:43,090 INFO [http-nio-8080-exec-1] c.n.c.a.ServiceLogAspect [ServiceLogAspect.java:36] 用户[0:0:0:0:0:0:0:1]，在[2024-01-17 16:00:43]，访问了[com.nowcoder.community.service.UserService.findUserById]。
2024-01-17 16:00:43,091 INFO [http-nio-8080-exec-1] c.n.c.a.ServiceLogAspect [ServiceLogAspect.java:36] 用户[0:0:0:0:0:0:0:1]，在[2024-01-17 16:00:43]，访问了[com.nowcoder.community.service.LikeService.findEntityLikeCount]。
2024-01-17 16:00:43,092 INFO [http-nio-8080-exec-1] c.n.c.a.ServiceLogAspect [ServiceLogAspect.java:36] 用户[0:0:0:0:0:0:0:1]，在[2024-01-17 16:00:43]，访问了[com.nowcoder.community.service.UserService.findUserById]。
2024-01-17 16:00:43,093 INFO [http-nio-8080-exec-1] c.n.c.a.ServiceLogAspect [ServiceLogAspect.java:36] 用户[0:0:0:0:0:0:0:1]，在[2024-01-17 16:00:43]，访问了[com.nowcoder.community.service.LikeService.findEntityLikeCount]。
2024-01-17 16:00:43,095 INFO [http-nio-8080-exec-1] c.n.c.a.ServiceLogAspect [ServiceLogAspect.java:36] 用户[0:0:0:0:0:0:0:1]，在[2024-01-17 16:00:43]，访问了[com.nowcoder.community.service.UserService.findUserById]。
2024-01-17 16:00:43,098 INFO [http-nio-8080-exec-1] c.n.c.a.ServiceLogAspect [ServiceLogAspect.java:36] 用户[0:0:0:0:0:0:0:1]，在[2024-01-17 16:00:43]，访问了[com.nowcoder.community.service.LikeService.findEntityLikeCount]。
2024-01-17 16:00:43,099 INFO [http-nio-8080-exec-1] c.n.c.a.ServiceLogAspect [ServiceLogAspect.java:36] 用户[0:0:0:0:0:0:0:1]，在[2024-01-17 16:00:43]，访问了[com.nowcoder.community.service.UserService.findUserById]。
2024-01-17 16:00:43,101 INFO [http-nio-8080-exec-1] c.n.c.a.ServiceLogAspect [ServiceLogAspect.java:36] 用户[0:0:0:0:0:0:0:1]，在[2024-01-17 16:00:43]，访问了[com.nowcoder.community.service.LikeService.findEntityLikeCount]。
2024-01-17 16:00:43,102 INFO [http-nio-8080-exec-1] c.n.c.a.ServiceLogAspect [ServiceLogAspect.java:36] 用户[0:0:0:0:0:0:0:1]，在[2024-01-17 16:00:43]，访问了[com.nowcoder.community.service.UserService.findUserById]。
2024-01-17 16:00:43,103 INFO [http-nio-8080-exec-1] c.n.c.a.ServiceLogAspect [ServiceLogAspect.java:36] 用户[0:0:0:0:0:0:0:1]，在[2024-01-17 16:00:43]，访问了[com.nowcoder.community.service.LikeService.findEntityLikeCount]。
2024-01-17 16:00:43,104 INFO [http-nio-8080-exec-1] c.n.c.a.ServiceLogAspect [ServiceLogAspect.java:36] 用户[0:0:0:0:0:0:0:1]，在[2024-01-17 16:00:43]，访问了[com.nowcoder.community.service.UserService.findUserById]。
2024-01-17 16:00:43,106 INFO [http-nio-8080-exec-1] c.n.c.a.ServiceLogAspect [ServiceLogAspect.java:36] 用户[0:0:0:0:0:0:0:1]，在[2024-01-17 16:00:43]，访问了[com.nowcoder.community.service.LikeService.findEntityLikeCount]。
2024-01-17 16:00:43,107 INFO [http-nio-8080-exec-1] c.n.c.a.ServiceLogAspect [ServiceLogAspect.java:36] 用户[0:0:0:0:0:0:0:1]，在[2024-01-17 16:00:43]，访问了[com.nowcoder.community.service.UserService.findUserById]。
2024-01-17 16:00:43,109 INFO [http-nio-8080-exec-1] c.n.c.a.ServiceLogAspect [ServiceLogAspect.java:36] 用户[0:0:0:0:0:0:0:1]，在[2024-01-17 16:00:43]，访问了[com.nowcoder.community.service.LikeService.findEntityLikeCount]。
2024-01-17 16:00:43,109 INFO [http-nio-8080-exec-1] c.n.c.a.ServiceLogAspect [ServiceLogAspect.java:36] 用户[0:0:0:0:0:0:0:1]，在[2024-01-17 16:00:43]，访问了[com.nowcoder.community.service.UserService.findUserById]。
2024-01-17 16:00:43,111 INFO [http-nio-8080-exec-1] c.n.c.a.ServiceLogAspect [ServiceLogAspect.java:36] 用户[0:0:0:0:0:0:0:1]，在[2024-01-17 16:00:43]，访问了[com.nowcoder.community.service.LikeService.findEntityLikeCount]。
2024-01-17 16:00:43,112 INFO [http-nio-8080-exec-1] c.n.c.a.ServiceLogAspect [ServiceLogAspect.java:36] 用户[0:0:0:0:0:0:0:1]，在[2024-01-17 16:00:43]，访问了[com.nowcoder.community.service.UserService.findUserById]。
2024-01-17 16:00:43,113 INFO [http-nio-8080-exec-1] c.n.c.a.ServiceLogAspect [ServiceLogAspect.java:36] 用户[0:0:0:0:0:0:0:1]，在[2024-01-17 16:00:43]，访问了[com.nowcoder.community.service.LikeService.findEntityLikeCount]。
2024-01-17 16:00:44,476 INFO [http-nio-8080-exec-8] c.n.c.a.ServiceLogAspect [ServiceLogAspect.java:36] 用户[0:0:0:0:0:0:0:1]，在[2024-01-17 16:00:44]，访问了[com.nowcoder.community.service.UserService.findLoginTicket]。
2024-01-17 16:00:44,483 INFO [http-nio-8080-exec-8] c.n.c.a.ServiceLogAspect [ServiceLogAspect.java:36] 用户[0:0:0:0:0:0:0:1]，在[2024-01-17 16:00:44]，访问了[com.nowcoder.community.service.UserService.findUserById]。
2024-01-17 16:00:44,485 INFO [http-nio-8080-exec-8] c.n.c.a.ServiceLogAspect [ServiceLogAspect.java:36] 用户[0:0:0:0:0:0:0:1]，在[2024-01-17 16:00:44]，访问了[com.nowcoder.community.service.DiscussPostService.findDiscussPostById]。
2024-01-17 16:00:44,487 INFO [http-nio-8080-exec-8] c.n.c.a.ServiceLogAspect [ServiceLogAspect.java:36] 用户[0:0:0:0:0:0:0:1]，在[2024-01-17 16:00:44]，访问了[com.nowcoder.community.service.UserService.findUserById]。
2024-01-17 16:00:44,489 INFO [http-nio-8080-exec-8] c.n.c.a.ServiceLogAspect [ServiceLogAspect.java:36] 用户[0:0:0:0:0:0:0:1]，在[2024-01-17 16:00:44]，访问了[com.nowcoder.community.service.LikeService.findEntityLikeCount]。
2024-01-17 16:00:44,491 INFO [http-nio-8080-exec-8] c.n.c.a.ServiceLogAspect [ServiceLogAspect.java:36] 用户[0:0:0:0:0:0:0:1]，在[2024-01-17 16:00:44]，访问了[com.nowcoder.community.service.LikeService.findEntityLikeStatus]。
2024-01-17 16:00:44,507 INFO [http-nio-8080-exec-8] c.n.c.a.ServiceLogAspect [ServiceLogAspect.java:36] 用户[0:0:0:0:0:0:0:1]，在[2024-01-17 16:00:44]，访问了[com.nowcoder.community.service.CommentService.findCommentsByEntity]。
2024-01-17 16:00:44,509 INFO [http-nio-8080-exec-8] c.n.c.a.ServiceLogAspect [ServiceLogAspect.java:36] 用户[0:0:0:0:0:0:0:1]，在[2024-01-17 16:00:44]，访问了[com.nowcoder.community.service.UserService.findUserById]。
2024-01-17 16:00:44,511 INFO [http-nio-8080-exec-8] c.n.c.a.ServiceLogAspect [ServiceLogAspect.java:36] 用户[0:0:0:0:0:0:0:1]，在[2024-01-17 16:00:44]，访问了[com.nowcoder.community.service.LikeService.findEntityLikeCount]。
2024-01-17 16:00:44,512 INFO [http-nio-8080-exec-8] c.n.c.a.ServiceLogAspect [ServiceLogAspect.java:36] 用户[0:0:0:0:0:0:0:1]，在[2024-01-17 16:00:44]，访问了[com.nowcoder.community.service.LikeService.findEntityLikeStatus]。
2024-01-17 16:00:44,512 INFO [http-nio-8080-exec-8] c.n.c.a.ServiceLogAspect [ServiceLogAspect.java:36] 用户[0:0:0:0:0:0:0:1]，在[2024-01-17 16:00:44]，访问了[com.nowcoder.community.service.CommentService.findCommentsByEntity]。
2024-01-17 16:00:44,514 INFO [http-nio-8080-exec-8] c.n.c.a.ServiceLogAspect [ServiceLogAspect.java:36] 用户[0:0:0:0:0:0:0:1]，在[2024-01-17 16:00:44]，访问了[com.nowcoder.community.service.CommentService.findCommentCount]。
2024-01-17 16:00:44,516 INFO [http-nio-8080-exec-8] c.n.c.a.ServiceLogAspect [ServiceLogAspect.java:36] 用户[0:0:0:0:0:0:0:1]，在[2024-01-17 16:00:44]，访问了[com.nowcoder.community.service.UserService.findUserById]。
2024-01-17 16:00:44,518 INFO [http-nio-8080-exec-8] c.n.c.a.ServiceLogAspect [ServiceLogAspect.java:36] 用户[0:0:0:0:0:0:0:1]，在[2024-01-17 16:00:44]，访问了[com.nowcoder.community.service.LikeService.findEntityLikeCount]。
2024-01-17 16:00:44,518 INFO [http-nio-8080-exec-8] c.n.c.a.ServiceLogAspect [ServiceLogAspect.java:36] 用户[0:0:0:0:0:0:0:1]，在[2024-01-17 16:00:44]，访问了[com.nowcoder.community.service.LikeService.findEntityLikeStatus]。
2024-01-17 16:00:44,519 INFO [http-nio-8080-exec-8] c.n.c.a.ServiceLogAspect [ServiceLogAspect.java:36] 用户[0:0:0:0:0:0:0:1]，在[2024-01-17 16:00:44]，访问了[com.nowcoder.community.service.CommentService.findCommentsByEntity]。
2024-01-17 16:00:44,521 INFO [http-nio-8080-exec-8] c.n.c.a.ServiceLogAspect [ServiceLogAspect.java:36] 用户[0:0:0:0:0:0:0:1]，在[2024-01-17 16:00:44]，访问了[com.nowcoder.community.service.UserService.findUserById]。
2024-01-17 16:00:44,522 INFO [http-nio-8080-exec-8] c.n.c.a.ServiceLogAspect [ServiceLogAspect.java:36] 用户[0:0:0:0:0:0:0:1]，在[2024-01-17 16:00:44]，访问了[com.nowcoder.community.service.LikeService.findEntityLikeCount]。
2024-01-17 16:00:44,523 INFO [http-nio-8080-exec-8] c.n.c.a.ServiceLogAspect [ServiceLogAspect.java:36] 用户[0:0:0:0:0:0:0:1]，在[2024-01-17 16:00:44]，访问了[com.nowcoder.community.service.LikeService.findEntityLikeStatus]。
2024-01-17 16:00:44,524 INFO [http-nio-8080-exec-8] c.n.c.a.ServiceLogAspect [ServiceLogAspect.java:36] 用户[0:0:0:0:0:0:0:1]，在[2024-01-17 16:00:44]，访问了[com.nowcoder.community.service.CommentService.findCommentCount]。
2024-01-17 16:00:44,526 INFO [http-nio-8080-exec-8] c.n.c.a.ServiceLogAspect [ServiceLogAspect.java:36] 用户[0:0:0:0:0:0:0:1]，在[2024-01-17 16:00:44]，访问了[com.nowcoder.community.service.UserService.findUserById]。
2024-01-17 16:00:44,527 INFO [http-nio-8080-exec-8] c.n.c.a.ServiceLogAspect [ServiceLogAspect.java:36] 用户[0:0:0:0:0:0:0:1]，在[2024-01-17 16:00:44]，访问了[com.nowcoder.community.service.LikeService.findEntityLikeCount]。
2024-01-17 16:00:44,528 INFO [http-nio-8080-exec-8] c.n.c.a.ServiceLogAspect [ServiceLogAspect.java:36] 用户[0:0:0:0:0:0:0:1]，在[2024-01-17 16:00:44]，访问了[com.nowcoder.community.service.LikeService.findEntityLikeStatus]。
2024-01-17 16:00:44,529 INFO [http-nio-8080-exec-8] c.n.c.a.ServiceLogAspect [ServiceLogAspect.java:36] 用户[0:0:0:0:0:0:0:1]，在[2024-01-17 16:00:44]，访问了[com.nowcoder.community.service.CommentService.findCommentsByEntity]。
2024-01-17 16:00:44,531 INFO [http-nio-8080-exec-8] c.n.c.a.ServiceLogAspect [ServiceLogAspect.java:36] 用户[0:0:0:0:0:0:0:1]，在[2024-01-17 16:00:44]，访问了[com.nowcoder.community.service.CommentService.findCommentCount]。
2024-01-17 16:00:44,532 INFO [http-nio-8080-exec-8] c.n.c.a.ServiceLogAspect [ServiceLogAspect.java:36] 用户[0:0:0:0:0:0:0:1]，在[2024-01-17 16:00:44]，访问了[com.nowcoder.community.service.UserService.findUserById]。
2024-01-17 16:00:44,533 INFO [http-nio-8080-exec-8] c.n.c.a.ServiceLogAspect [ServiceLogAspect.java:36] 用户[0:0:0:0:0:0:0:1]，在[2024-01-17 16:00:44]，访问了[com.nowcoder.community.service.LikeService.findEntityLikeCount]。
2024-01-17 16:00:44,533 INFO [http-nio-8080-exec-8] c.n.c.a.ServiceLogAspect [ServiceLogAspect.java:36] 用户[0:0:0:0:0:0:0:1]，在[2024-01-17 16:00:44]，访问了[com.nowcoder.community.service.LikeService.findEntityLikeStatus]。
2024-01-17 16:00:44,534 INFO [http-nio-8080-exec-8] c.n.c.a.ServiceLogAspect [ServiceLogAspect.java:36] 用户[0:0:0:0:0:0:0:1]，在[2024-01-17 16:00:44]，访问了[com.nowcoder.community.service.CommentService.findCommentsByEntity]。
2024-01-17 16:00:44,536 INFO [http-nio-8080-exec-8] c.n.c.a.ServiceLogAspect [ServiceLogAspect.java:36] 用户[0:0:0:0:0:0:0:1]，在[2024-01-17 16:00:44]，访问了[com.nowcoder.community.service.CommentService.findCommentCount]。
2024-01-17 16:00:44,538 INFO [http-nio-8080-exec-8] c.n.c.a.ServiceLogAspect [ServiceLogAspect.java:36] 用户[0:0:0:0:0:0:0:1]，在[2024-01-17 16:00:44]，访问了[com.nowcoder.community.service.UserService.findUserById]。
2024-01-17 16:00:44,539 INFO [http-nio-8080-exec-8] c.n.c.a.ServiceLogAspect [ServiceLogAspect.java:36] 用户[0:0:0:0:0:0:0:1]，在[2024-01-17 16:00:44]，访问了[com.nowcoder.community.service.LikeService.findEntityLikeCount]。
2024-01-17 16:00:44,540 INFO [http-nio-8080-exec-8] c.n.c.a.ServiceLogAspect [ServiceLogAspect.java:36] 用户[0:0:0:0:0:0:0:1]，在[2024-01-17 16:00:44]，访问了[com.nowcoder.community.service.LikeService.findEntityLikeStatus]。
2024-01-17 16:00:44,541 INFO [http-nio-8080-exec-8] c.n.c.a.ServiceLogAspect [ServiceLogAspect.java:36] 用户[0:0:0:0:0:0:0:1]，在[2024-01-17 16:00:44]，访问了[com.nowcoder.community.service.CommentService.findCommentsByEntity]。
2024-01-17 16:00:44,542 INFO [http-nio-8080-exec-8] c.n.c.a.ServiceLogAspect [ServiceLogAspect.java:36] 用户[0:0:0:0:0:0:0:1]，在[2024-01-17 16:00:44]，访问了[com.nowcoder.community.service.CommentService.findCommentCount]。
2024-01-17 16:00:46,620 INFO [http-nio-8080-exec-3] c.n.c.a.ServiceLogAspect [ServiceLogAspect.java:36] 用户[0:0:0:0:0:0:0:1]，在[2024-01-17 16:00:46]，访问了[com.nowcoder.community.service.UserService.findLoginTicket]。
2024-01-17 16:00:46,624 INFO [http-nio-8080-exec-3] c.n.c.a.ServiceLogAspect [ServiceLogAspect.java:36] 用户[0:0:0:0:0:0:0:1]，在[2024-01-17 16:00:46]，访问了[com.nowcoder.community.service.UserService.findUserById]。
2024-01-17 16:00:46,624 INFO [http-nio-8080-exec-3] c.n.c.a.ServiceLogAspect [ServiceLogAspect.java:36] 用户[0:0:0:0:0:0:0:1]，在[2024-01-17 16:00:46]，访问了[com.nowcoder.community.service.UserService.findUserById]。
2024-01-17 16:00:46,627 INFO [http-nio-8080-exec-3] c.n.c.a.ServiceLogAspect [ServiceLogAspect.java:36] 用户[0:0:0:0:0:0:0:1]，在[2024-01-17 16:00:46]，访问了[com.nowcoder.community.service.LikeService.findUserLikeCount]。
2024-01-17 16:00:46,627 INFO [http-nio-8080-exec-3] c.n.c.a.ServiceLogAspect [ServiceLogAspect.java:36] 用户[0:0:0:0:0:0:0:1]，在[2024-01-17 16:00:46]，访问了[com.nowcoder.community.service.FollowService.findFolloweeCount]。
2024-01-17 16:00:46,629 INFO [http-nio-8080-exec-3] c.n.c.a.ServiceLogAspect [ServiceLogAspect.java:36] 用户[0:0:0:0:0:0:0:1]，在[2024-01-17 16:00:46]，访问了[com.nowcoder.community.service.FollowService.findFollowerCount]。
2024-01-17 16:00:46,629 INFO [http-nio-8080-exec-3] c.n.c.a.ServiceLogAspect [ServiceLogAspect.java:36] 用户[0:0:0:0:0:0:0:1]，在[2024-01-17 16:00:46]，访问了[com.nowcoder.community.service.FollowService.hasFollow]。
2024-01-17 16:01:06,435 INFO [http-nio-8080-exec-7] c.n.c.a.ServiceLogAspect [ServiceLogAspect.java:36] 用户[0:0:0:0:0:0:0:1]，在[2024-01-17 16:01:06]，访问了[com.nowcoder.community.service.UserService.findLoginTicket]。
2024-01-17 16:01:06,438 INFO [http-nio-8080-exec-7] c.n.c.a.ServiceLogAspect [ServiceLogAspect.java:36] 用户[0:0:0:0:0:0:0:1]，在[2024-01-17 16:01:06]，访问了[com.nowcoder.community.service.UserService.findUserById]。
2024-01-17 16:01:06,441 INFO [http-nio-8080-exec-7] c.n.c.a.ServiceLogAspect [ServiceLogAspect.java:36] 用户[0:0:0:0:0:0:0:1]，在[2024-01-17 16:01:06]，访问了[com.nowcoder.community.service.DiscussPostService.findDiscussPostRows]。
2024-01-17 16:01:06,441 INFO [http-nio-8080-exec-7] c.n.c.a.ServiceLogAspect [ServiceLogAspect.java:36] 用户[0:0:0:0:0:0:0:1]，在[2024-01-17 16:01:06]，访问了[com.nowcoder.community.service.DiscussPostService.findDiscussPosts]。
2024-01-17 16:01:06,445 INFO [http-nio-8080-exec-7] c.n.c.a.ServiceLogAspect [ServiceLogAspect.java:36] 用户[0:0:0:0:0:0:0:1]，在[2024-01-17 16:01:06]，访问了[com.nowcoder.community.service.UserService.findUserById]。
2024-01-17 16:01:06,448 INFO [http-nio-8080-exec-7] c.n.c.a.ServiceLogAspect [ServiceLogAspect.java:36] 用户[0:0:0:0:0:0:0:1]，在[2024-01-17 16:01:06]，访问了[com.nowcoder.community.service.LikeService.findEntityLikeCount]。
2024-01-17 16:01:06,450 INFO [http-nio-8080-exec-7] c.n.c.a.ServiceLogAspect [ServiceLogAspect.java:36] 用户[0:0:0:0:0:0:0:1]，在[2024-01-17 16:01:06]，访问了[com.nowcoder.community.service.UserService.findUserById]。
2024-01-17 16:01:06,453 INFO [http-nio-8080-exec-7] c.n.c.a.ServiceLogAspect [ServiceLogAspect.java:36] 用户[0:0:0:0:0:0:0:1]，在[2024-01-17 16:01:06]，访问了[com.nowcoder.community.service.LikeService.findEntityLikeCount]。
2024-01-17 16:01:06,454 INFO [http-nio-8080-exec-7] c.n.c.a.ServiceLogAspect [ServiceLogAspect.java:36] 用户[0:0:0:0:0:0:0:1]，在[2024-01-17 16:01:06]，访问了[com.nowcoder.community.service.UserService.findUserById]。
2024-01-17 16:01:06,456 INFO [http-nio-8080-exec-7] c.n.c.a.ServiceLogAspect [ServiceLogAspect.java:36] 用户[0:0:0:0:0:0:0:1]，在[2024-01-17 16:01:06]，访问了[com.nowcoder.community.service.LikeService.findEntityLikeCount]。
2024-01-17 16:01:06,457 INFO [http-nio-8080-exec-7] c.n.c.a.ServiceLogAspect [ServiceLogAspect.java:36] 用户[0:0:0:0:0:0:0:1]，在[2024-01-17 16:01:06]，访问了[com.nowcoder.community.service.UserService.findUserById]。
2024-01-17 16:01:06,459 INFO [http-nio-8080-exec-7] c.n.c.a.ServiceLogAspect [ServiceLogAspect.java:36] 用户[0:0:0:0:0:0:0:1]，在[2024-01-17 16:01:06]，访问了[com.nowcoder.community.service.LikeService.findEntityLikeCount]。
2024-01-17 16:01:06,460 INFO [http-nio-8080-exec-7] c.n.c.a.ServiceLogAspect [ServiceLogAspect.java:36] 用户[0:0:0:0:0:0:0:1]，在[2024-01-17 16:01:06]，访问了[com.nowcoder.community.service.UserService.findUserById]。
2024-01-17 16:01:06,461 INFO [http-nio-8080-exec-7] c.n.c.a.ServiceLogAspect [ServiceLogAspect.java:36] 用户[0:0:0:0:0:0:0:1]，在[2024-01-17 16:01:06]，访问了[com.nowcoder.community.service.LikeService.findEntityLikeCount]。
2024-01-17 16:01:06,462 INFO [http-nio-8080-exec-7] c.n.c.a.ServiceLogAspect [ServiceLogAspect.java:36] 用户[0:0:0:0:0:0:0:1]，在[2024-01-17 16:01:06]，访问了[com.nowcoder.community.service.UserService.findUserById]。
2024-01-17 16:01:06,464 INFO [http-nio-8080-exec-7] c.n.c.a.ServiceLogAspect [ServiceLogAspect.java:36] 用户[0:0:0:0:0:0:0:1]，在[2024-01-17 16:01:06]，访问了[com.nowcoder.community.service.LikeService.findEntityLikeCount]。
2024-01-17 16:01:06,465 INFO [http-nio-8080-exec-7] c.n.c.a.ServiceLogAspect [ServiceLogAspect.java:36] 用户[0:0:0:0:0:0:0:1]，在[2024-01-17 16:01:06]，访问了[com.nowcoder.community.service.UserService.findUserById]。
2024-01-17 16:01:06,466 INFO [http-nio-8080-exec-7] c.n.c.a.ServiceLogAspect [ServiceLogAspect.java:36] 用户[0:0:0:0:0:0:0:1]，在[2024-01-17 16:01:06]，访问了[com.nowcoder.community.service.LikeService.findEntityLikeCount]。
2024-01-17 16:01:06,467 INFO [http-nio-8080-exec-7] c.n.c.a.ServiceLogAspect [ServiceLogAspect.java:36] 用户[0:0:0:0:0:0:0:1]，在[2024-01-17 16:01:06]，访问了[com.nowcoder.community.service.UserService.findUserById]。
2024-01-17 16:01:06,468 INFO [http-nio-8080-exec-7] c.n.c.a.ServiceLogAspect [ServiceLogAspect.java:36] 用户[0:0:0:0:0:0:0:1]，在[2024-01-17 16:01:06]，访问了[com.nowcoder.community.service.LikeService.findEntityLikeCount]。
2024-01-17 16:01:06,469 INFO [http-nio-8080-exec-7] c.n.c.a.ServiceLogAspect [ServiceLogAspect.java:36] 用户[0:0:0:0:0:0:0:1]，在[2024-01-17 16:01:06]，访问了[com.nowcoder.community.service.UserService.findUserById]。
2024-01-17 16:01:06,471 INFO [http-nio-8080-exec-7] c.n.c.a.ServiceLogAspect [ServiceLogAspect.java:36] 用户[0:0:0:0:0:0:0:1]，在[2024-01-17 16:01:06]，访问了[com.nowcoder.community.service.LikeService.findEntityLikeCount]。
2024-01-17 16:01:06,472 INFO [http-nio-8080-exec-7] c.n.c.a.ServiceLogAspect [ServiceLogAspect.java:36] 用户[0:0:0:0:0:0:0:1]，在[2024-01-17 16:01:06]，访问了[com.nowcoder.community.service.UserService.findUserById]。
2024-01-17 16:01:06,474 INFO [http-nio-8080-exec-7] c.n.c.a.ServiceLogAspect [ServiceLogAspect.java:36] 用户[0:0:0:0:0:0:0:1]，在[2024-01-17 16:01:06]，访问了[com.nowcoder.community.service.LikeService.findEntityLikeCount]。
2024-01-17 17:02:42,152 INFO [http-nio-8080-exec-8] c.n.c.a.ServiceLogAspect [ServiceLogAspect.java:36] 用户[0:0:0:0:0:0:0:1]，在[2024-01-17 17:02:42]，访问了[com.nowcoder.community.service.UserService.findLoginTicket]。
2024-01-17 17:02:42,156 INFO [http-nio-8080-exec-8] c.n.c.a.ServiceLogAspect [ServiceLogAspect.java:36] 用户[0:0:0:0:0:0:0:1]，在[2024-01-17 17:02:42]，访问了[com.nowcoder.community.service.UserService.findUserById]。
2024-01-17 17:02:42,158 INFO [http-nio-8080-exec-8] c.n.c.a.ServiceLogAspect [ServiceLogAspect.java:36] 用户[0:0:0:0:0:0:0:1]，在[2024-01-17 17:02:42]，访问了[com.nowcoder.community.service.DiscussPostService.findDiscussPostById]。
2024-01-17 17:02:42,160 INFO [http-nio-8080-exec-8] c.n.c.a.ServiceLogAspect [ServiceLogAspect.java:36] 用户[0:0:0:0:0:0:0:1]，在[2024-01-17 17:02:42]，访问了[com.nowcoder.community.service.UserService.findUserById]。
2024-01-17 17:02:42,161 INFO [http-nio-8080-exec-8] c.n.c.a.ServiceLogAspect [ServiceLogAspect.java:36] 用户[0:0:0:0:0:0:0:1]，在[2024-01-17 17:02:42]，访问了[com.nowcoder.community.service.LikeService.findEntityLikeCount]。
2024-01-17 17:02:42,162 INFO [http-nio-8080-exec-8] c.n.c.a.ServiceLogAspect [ServiceLogAspect.java:36] 用户[0:0:0:0:0:0:0:1]，在[2024-01-17 17:02:42]，访问了[com.nowcoder.community.service.LikeService.findEntityLikeStatus]。
2024-01-17 17:02:42,163 INFO [http-nio-8080-exec-8] c.n.c.a.ServiceLogAspect [ServiceLogAspect.java:36] 用户[0:0:0:0:0:0:0:1]，在[2024-01-17 17:02:42]，访问了[com.nowcoder.community.service.CommentService.findCommentsByEntity]。
2024-01-17 17:02:42,168 INFO [http-nio-8080-exec-8] c.n.c.a.ServiceLogAspect [ServiceLogAspect.java:36] 用户[0:0:0:0:0:0:0:1]，在[2024-01-17 17:02:42]，访问了[com.nowcoder.community.service.UserService.findUserById]。
2024-01-17 17:02:42,170 INFO [http-nio-8080-exec-8] c.n.c.a.ServiceLogAspect [ServiceLogAspect.java:36] 用户[0:0:0:0:0:0:0:1]，在[2024-01-17 17:02:42]，访问了[com.nowcoder.community.service.LikeService.findEntityLikeCount]。
2024-01-17 17:02:42,171 INFO [http-nio-8080-exec-8] c.n.c.a.ServiceLogAspect [ServiceLogAspect.java:36] 用户[0:0:0:0:0:0:0:1]，在[2024-01-17 17:02:42]，访问了[com.nowcoder.community.service.LikeService.findEntityLikeStatus]。
2024-01-17 17:02:42,171 INFO [http-nio-8080-exec-8] c.n.c.a.ServiceLogAspect [ServiceLogAspect.java:36] 用户[0:0:0:0:0:0:0:1]，在[2024-01-17 17:02:42]，访问了[com.nowcoder.community.service.CommentService.findCommentsByEntity]。
2024-01-17 17:02:42,173 INFO [http-nio-8080-exec-8] c.n.c.a.ServiceLogAspect [ServiceLogAspect.java:36] 用户[0:0:0:0:0:0:0:1]，在[2024-01-17 17:02:42]，访问了[com.nowcoder.community.service.CommentService.findCommentCount]。
2024-01-17 17:02:42,174 INFO [http-nio-8080-exec-8] c.n.c.a.ServiceLogAspect [ServiceLogAspect.java:36] 用户[0:0:0:0:0:0:0:1]，在[2024-01-17 17:02:42]，访问了[com.nowcoder.community.service.UserService.findUserById]。
2024-01-17 17:02:42,175 INFO [http-nio-8080-exec-8] c.n.c.a.ServiceLogAspect [ServiceLogAspect.java:36] 用户[0:0:0:0:0:0:0:1]，在[2024-01-17 17:02:42]，访问了[com.nowcoder.community.service.LikeService.findEntityLikeCount]。
2024-01-17 17:02:42,176 INFO [http-nio-8080-exec-8] c.n.c.a.ServiceLogAspect [ServiceLogAspect.java:36] 用户[0:0:0:0:0:0:0:1]，在[2024-01-17 17:02:42]，访问了[com.nowcoder.community.service.LikeService.findEntityLikeStatus]。
2024-01-17 17:02:42,177 INFO [http-nio-8080-exec-8] c.n.c.a.ServiceLogAspect [ServiceLogAspect.java:36] 用户[0:0:0:0:0:0:0:1]，在[2024-01-17 17:02:42]，访问了[com.nowcoder.community.service.CommentService.findCommentsByEntity]。
2024-01-17 17:02:42,180 INFO [http-nio-8080-exec-8] c.n.c.a.ServiceLogAspect [ServiceLogAspect.java:36] 用户[0:0:0:0:0:0:0:1]，在[2024-01-17 17:02:42]，访问了[com.nowcoder.community.service.UserService.findUserById]。
2024-01-17 17:02:42,181 INFO [http-nio-8080-exec-8] c.n.c.a.ServiceLogAspect [ServiceLogAspect.java:36] 用户[0:0:0:0:0:0:0:1]，在[2024-01-17 17:02:42]，访问了[com.nowcoder.community.service.LikeService.findEntityLikeCount]。
2024-01-17 17:02:42,182 INFO [http-nio-8080-exec-8] c.n.c.a.ServiceLogAspect [ServiceLogAspect.java:36] 用户[0:0:0:0:0:0:0:1]，在[2024-01-17 17:02:42]，访问了[com.nowcoder.community.service.LikeService.findEntityLikeStatus]。
2024-01-17 17:02:42,182 INFO [http-nio-8080-exec-8] c.n.c.a.ServiceLogAspect [ServiceLogAspect.java:36] 用户[0:0:0:0:0:0:0:1]，在[2024-01-17 17:02:42]，访问了[com.nowcoder.community.service.CommentService.findCommentCount]。
2024-01-17 17:02:42,183 INFO [http-nio-8080-exec-8] c.n.c.a.ServiceLogAspect [ServiceLogAspect.java:36] 用户[0:0:0:0:0:0:0:1]，在[2024-01-17 17:02:42]，访问了[com.nowcoder.community.service.UserService.findUserById]。
2024-01-17 17:02:42,185 INFO [http-nio-8080-exec-8] c.n.c.a.ServiceLogAspect [ServiceLogAspect.java:36] 用户[0:0:0:0:0:0:0:1]，在[2024-01-17 17:02:42]，访问了[com.nowcoder.community.service.LikeService.findEntityLikeCount]。
2024-01-17 17:02:42,186 INFO [http-nio-8080-exec-8] c.n.c.a.ServiceLogAspect [ServiceLogAspect.java:36] 用户[0:0:0:0:0:0:0:1]，在[2024-01-17 17:02:42]，访问了[com.nowcoder.community.service.LikeService.findEntityLikeStatus]。
2024-01-17 17:02:42,186 INFO [http-nio-8080-exec-8] c.n.c.a.ServiceLogAspect [ServiceLogAspect.java:36] 用户[0:0:0:0:0:0:0:1]，在[2024-01-17 17:02:42]，访问了[com.nowcoder.community.service.CommentService.findCommentsByEntity]。
2024-01-17 17:02:42,188 INFO [http-nio-8080-exec-8] c.n.c.a.ServiceLogAspect [ServiceLogAspect.java:36] 用户[0:0:0:0:0:0:0:1]，在[2024-01-17 17:02:42]，访问了[com.nowcoder.community.service.CommentService.findCommentCount]。
2024-01-17 17:02:42,189 INFO [http-nio-8080-exec-8] c.n.c.a.ServiceLogAspect [ServiceLogAspect.java:36] 用户[0:0:0:0:0:0:0:1]，在[2024-01-17 17:02:42]，访问了[com.nowcoder.community.service.UserService.findUserById]。
2024-01-17 17:02:42,190 INFO [http-nio-8080-exec-8] c.n.c.a.ServiceLogAspect [ServiceLogAspect.java:36] 用户[0:0:0:0:0:0:0:1]，在[2024-01-17 17:02:42]，访问了[com.nowcoder.community.service.LikeService.findEntityLikeCount]。
2024-01-17 17:02:42,191 INFO [http-nio-8080-exec-8] c.n.c.a.ServiceLogAspect [ServiceLogAspect.java:36] 用户[0:0:0:0:0:0:0:1]，在[2024-01-17 17:02:42]，访问了[com.nowcoder.community.service.LikeService.findEntityLikeStatus]。
2024-01-17 17:02:42,191 INFO [http-nio-8080-exec-8] c.n.c.a.ServiceLogAspect [ServiceLogAspect.java:36] 用户[0:0:0:0:0:0:0:1]，在[2024-01-17 17:02:42]，访问了[com.nowcoder.community.service.CommentService.findCommentsByEntity]。
2024-01-17 17:02:42,193 INFO [http-nio-8080-exec-8] c.n.c.a.ServiceLogAspect [ServiceLogAspect.java:36] 用户[0:0:0:0:0:0:0:1]，在[2024-01-17 17:02:42]，访问了[com.nowcoder.community.service.CommentService.findCommentCount]。
2024-01-17 17:02:42,194 INFO [http-nio-8080-exec-8] c.n.c.a.ServiceLogAspect [ServiceLogAspect.java:36] 用户[0:0:0:0:0:0:0:1]，在[2024-01-17 17:02:42]，访问了[com.nowcoder.community.service.UserService.findUserById]。
2024-01-17 17:02:42,196 INFO [http-nio-8080-exec-8] c.n.c.a.ServiceLogAspect [ServiceLogAspect.java:36] 用户[0:0:0:0:0:0:0:1]，在[2024-01-17 17:02:42]，访问了[com.nowcoder.community.service.LikeService.findEntityLikeCount]。
2024-01-17 17:02:42,197 INFO [http-nio-8080-exec-8] c.n.c.a.ServiceLogAspect [ServiceLogAspect.java:36] 用户[0:0:0:0:0:0:0:1]，在[2024-01-17 17:02:42]，访问了[com.nowcoder.community.service.LikeService.findEntityLikeStatus]。
2024-01-17 17:02:42,198 INFO [http-nio-8080-exec-8] c.n.c.a.ServiceLogAspect [ServiceLogAspect.java:36] 用户[0:0:0:0:0:0:0:1]，在[2024-01-17 17:02:42]，访问了[com.nowcoder.community.service.CommentService.findCommentsByEntity]。
2024-01-17 17:02:42,199 INFO [http-nio-8080-exec-8] c.n.c.a.ServiceLogAspect [ServiceLogAspect.java:36] 用户[0:0:0:0:0:0:0:1]，在[2024-01-17 17:02:42]，访问了[com.nowcoder.community.service.CommentService.findCommentCount]。
2024-01-17 17:02:47,446 INFO [http-nio-8080-exec-3] c.n.c.a.ServiceLogAspect [ServiceLogAspect.java:36] 用户[0:0:0:0:0:0:0:1]，在[2024-01-17 17:02:47]，访问了[com.nowcoder.community.service.UserService.findLoginTicket]。
2024-01-17 17:02:47,450 INFO [http-nio-8080-exec-3] c.n.c.a.ServiceLogAspect [ServiceLogAspect.java:36] 用户[0:0:0:0:0:0:0:1]，在[2024-01-17 17:02:47]，访问了[com.nowcoder.community.service.UserService.findUserById]。
2024-01-17 17:02:47,451 INFO [http-nio-8080-exec-3] c.n.c.a.ServiceLogAspect [ServiceLogAspect.java:36] 用户[0:0:0:0:0:0:0:1]，在[2024-01-17 17:02:47]，访问了[com.nowcoder.community.service.UserService.findUserById]。
2024-01-17 17:02:47,452 INFO [http-nio-8080-exec-3] c.n.c.a.ServiceLogAspect [ServiceLogAspect.java:36] 用户[0:0:0:0:0:0:0:1]，在[2024-01-17 17:02:47]，访问了[com.nowcoder.community.service.LikeService.findUserLikeCount]。
2024-01-17 17:02:47,453 INFO [http-nio-8080-exec-3] c.n.c.a.ServiceLogAspect [ServiceLogAspect.java:36] 用户[0:0:0:0:0:0:0:1]，在[2024-01-17 17:02:47]，访问了[com.nowcoder.community.service.FollowService.findFolloweeCount]。
2024-01-17 17:02:47,453 INFO [http-nio-8080-exec-3] c.n.c.a.ServiceLogAspect [ServiceLogAspect.java:36] 用户[0:0:0:0:0:0:0:1]，在[2024-01-17 17:02:47]，访问了[com.nowcoder.community.service.FollowService.findFollowerCount]。
2024-01-17 17:02:47,454 INFO [http-nio-8080-exec-3] c.n.c.a.ServiceLogAspect [ServiceLogAspect.java:36] 用户[0:0:0:0:0:0:0:1]，在[2024-01-17 17:02:47]，访问了[com.nowcoder.community.service.FollowService.hasFollow]。
2024-01-17 17:02:54,839 INFO [http-nio-8080-exec-6] c.n.c.a.ServiceLogAspect [ServiceLogAspect.java:36] 用户[0:0:0:0:0:0:0:1]，在[2024-01-17 17:02:54]，访问了[com.nowcoder.community.service.UserService.findLoginTicket]。
2024-01-17 17:02:54,841 INFO [http-nio-8080-exec-6] c.n.c.a.ServiceLogAspect [ServiceLogAspect.java:36] 用户[0:0:0:0:0:0:0:1]，在[2024-01-17 17:02:54]，访问了[com.nowcoder.community.service.UserService.findUserById]。
2024-01-17 17:02:54,843 INFO [http-nio-8080-exec-6] c.n.c.a.ServiceLogAspect [ServiceLogAspect.java:36] 用户[0:0:0:0:0:0:0:1]，在[2024-01-17 17:02:54]，访问了[com.nowcoder.community.service.UserService.findUserById]。
2024-01-17 17:02:54,844 INFO [http-nio-8080-exec-6] c.n.c.a.ServiceLogAspect [ServiceLogAspect.java:36] 用户[0:0:0:0:0:0:0:1]，在[2024-01-17 17:02:54]，访问了[com.nowcoder.community.service.LikeService.findUserLikeCount]。
2024-01-17 17:02:54,845 INFO [http-nio-8080-exec-6] c.n.c.a.ServiceLogAspect [ServiceLogAspect.java:36] 用户[0:0:0:0:0:0:0:1]，在[2024-01-17 17:02:54]，访问了[com.nowcoder.community.service.FollowService.findFolloweeCount]。
2024-01-17 17:02:54,845 INFO [http-nio-8080-exec-6] c.n.c.a.ServiceLogAspect [ServiceLogAspect.java:36] 用户[0:0:0:0:0:0:0:1]，在[2024-01-17 17:02:54]，访问了[com.nowcoder.community.service.FollowService.findFollowerCount]。
2024-01-17 17:02:54,846 INFO [http-nio-8080-exec-6] c.n.c.a.ServiceLogAspect [ServiceLogAspect.java:36] 用户[0:0:0:0:0:0:0:1]，在[2024-01-17 17:02:54]，访问了[com.nowcoder.community.service.FollowService.hasFollow]。
2024-01-17 17:03:04,995 INFO [http-nio-8080-exec-3] c.n.c.a.ServiceLogAspect [ServiceLogAspect.java:36] 用户[0:0:0:0:0:0:0:1]，在[2024-01-17 17:03:04]，访问了[com.nowcoder.community.service.UserService.findLoginTicket]。
2024-01-17 17:03:04,998 INFO [http-nio-8080-exec-3] c.n.c.a.ServiceLogAspect [ServiceLogAspect.java:36] 用户[0:0:0:0:0:0:0:1]，在[2024-01-17 17:03:04]，访问了[com.nowcoder.community.service.UserService.findUserById]。
2024-01-17 17:03:05,002 INFO [http-nio-8080-exec-3] c.n.c.a.ServiceLogAspect [ServiceLogAspect.java:36] 用户[0:0:0:0:0:0:0:1]，在[2024-01-17 17:03:05]，访问了[com.nowcoder.community.service.UserService.findUserById]。
2024-01-17 17:03:05,004 INFO [http-nio-8080-exec-3] c.n.c.a.ServiceLogAspect [ServiceLogAspect.java:36] 用户[0:0:0:0:0:0:0:1]，在[2024-01-17 17:03:05]，访问了[com.nowcoder.community.service.FollowService.findFollowerCount]。
2024-01-17 17:03:05,005 INFO [http-nio-8080-exec-3] c.n.c.a.ServiceLogAspect [ServiceLogAspect.java:36] 用户[0:0:0:0:0:0:0:1]，在[2024-01-17 17:03:05]，访问了[com.nowcoder.community.service.FollowService.findFollower]。
2024-01-17 17:03:06,414 INFO [http-nio-8080-exec-6] c.n.c.a.ServiceLogAspect [ServiceLogAspect.java:36] 用户[0:0:0:0:0:0:0:1]，在[2024-01-17 17:03:06]，访问了[com.nowcoder.community.service.UserService.findLoginTicket]。
2024-01-17 17:03:06,416 INFO [http-nio-8080-exec-6] c.n.c.a.ServiceLogAspect [ServiceLogAspect.java:36] 用户[0:0:0:0:0:0:0:1]，在[2024-01-17 17:03:06]，访问了[com.nowcoder.community.service.UserService.findUserById]。
2024-01-17 17:03:06,419 INFO [http-nio-8080-exec-6] c.n.c.a.ServiceLogAspect [ServiceLogAspect.java:36] 用户[0:0:0:0:0:0:0:1]，在[2024-01-17 17:03:06]，访问了[com.nowcoder.community.service.UserService.findUserById]。
2024-01-17 17:03:06,421 INFO [http-nio-8080-exec-6] c.n.c.a.ServiceLogAspect [ServiceLogAspect.java:36] 用户[0:0:0:0:0:0:0:1]，在[2024-01-17 17:03:06]，访问了[com.nowcoder.community.service.FollowService.findFolloweeCount]。
2024-01-17 17:03:06,422 INFO [http-nio-8080-exec-6] c.n.c.a.ServiceLogAspect [ServiceLogAspect.java:36] 用户[0:0:0:0:0:0:0:1]，在[2024-01-17 17:03:06]，访问了[com.nowcoder.community.service.FollowService.findFollowee]。
2024-01-17 17:03:08,418 INFO [http-nio-8080-exec-3] c.n.c.a.ServiceLogAspect [ServiceLogAspect.java:36] 用户[0:0:0:0:0:0:0:1]，在[2024-01-17 17:03:08]，访问了[com.nowcoder.community.service.UserService.findLoginTicket]。
2024-01-17 17:03:08,421 INFO [http-nio-8080-exec-3] c.n.c.a.ServiceLogAspect [ServiceLogAspect.java:36] 用户[0:0:0:0:0:0:0:1]，在[2024-01-17 17:03:08]，访问了[com.nowcoder.community.service.UserService.findUserById]。
2024-01-17 17:03:08,422 INFO [http-nio-8080-exec-3] c.n.c.a.ServiceLogAspect [ServiceLogAspect.java:36] 用户[0:0:0:0:0:0:0:1]，在[2024-01-17 17:03:08]，访问了[com.nowcoder.community.service.UserService.findUserById]。
2024-01-17 17:03:08,424 INFO [http-nio-8080-exec-3] c.n.c.a.ServiceLogAspect [ServiceLogAspect.java:36] 用户[0:0:0:0:0:0:0:1]，在[2024-01-17 17:03:08]，访问了[com.nowcoder.community.service.LikeService.findUserLikeCount]。
2024-01-17 17:03:08,426 INFO [http-nio-8080-exec-3] c.n.c.a.ServiceLogAspect [ServiceLogAspect.java:36] 用户[0:0:0:0:0:0:0:1]，在[2024-01-17 17:03:08]，访问了[com.nowcoder.community.service.FollowService.findFolloweeCount]。
2024-01-17 17:03:08,427 INFO [http-nio-8080-exec-3] c.n.c.a.ServiceLogAspect [ServiceLogAspect.java:36] 用户[0:0:0:0:0:0:0:1]，在[2024-01-17 17:03:08]，访问了[com.nowcoder.community.service.FollowService.findFollowerCount]。
2024-01-17 17:03:08,428 INFO [http-nio-8080-exec-3] c.n.c.a.ServiceLogAspect [ServiceLogAspect.java:36] 用户[0:0:0:0:0:0:0:1]，在[2024-01-17 17:03:08]，访问了[com.nowcoder.community.service.FollowService.hasFollow]。
2024-01-17 17:03:10,679 INFO [http-nio-8080-exec-6] c.n.c.a.ServiceLogAspect [ServiceLogAspect.java:36] 用户[0:0:0:0:0:0:0:1]，在[2024-01-17 17:03:10]，访问了[com.nowcoder.community.service.UserService.findLoginTicket]。
2024-01-17 17:03:10,683 INFO [http-nio-8080-exec-6] c.n.c.a.ServiceLogAspect [ServiceLogAspect.java:36] 用户[0:0:0:0:0:0:0:1]，在[2024-01-17 17:03:10]，访问了[com.nowcoder.community.service.UserService.findUserById]。
2024-01-17 17:03:10,686 INFO [http-nio-8080-exec-6] c.n.c.a.ServiceLogAspect [ServiceLogAspect.java:36] 用户[0:0:0:0:0:0:0:1]，在[2024-01-17 17:03:10]，访问了[com.nowcoder.community.service.UserService.findUserById]。
2024-01-17 17:03:10,687 INFO [http-nio-8080-exec-6] c.n.c.a.ServiceLogAspect [ServiceLogAspect.java:36] 用户[0:0:0:0:0:0:0:1]，在[2024-01-17 17:03:10]，访问了[com.nowcoder.community.service.FollowService.findFolloweeCount]。
2024-01-17 17:03:10,689 INFO [http-nio-8080-exec-6] c.n.c.a.ServiceLogAspect [ServiceLogAspect.java:36] 用户[0:0:0:0:0:0:0:1]，在[2024-01-17 17:03:10]，访问了[com.nowcoder.community.service.FollowService.findFollowee]。
2024-01-17 17:07:18,946 INFO [SpringApplicationShutdownHook] c.z.h.HikariDataSource [HikariDataSource.java:350] HikariPool-1 - Shutdown initiated...
2024-01-17 17:07:18,947 INFO [SpringApplicationShutdownHook] c.z.h.HikariDataSource [HikariDataSource.java:352] HikariPool-1 - Shutdown completed.
